0 info it worked if it ends with ok
1 verbose cli [ '/usr/bin/nodejs', '/usr/bin/npm', 'install' ]
2 info using npm@2.15.5
3 info using node@v4.4.6
4 verbose readDependencies loading dependencies from /home/esolar07/Documents/Angular-WP/package.json
5 warn package.json profile@0.0.0 No repository field.
6 warn package.json profile@0.0.0 No license field.
7 verbose install where, deps [ '/home/esolar07/Documents/Angular-WP',
7 verbose install   [ 'grunt',
7 verbose install     'grunt-autoprefixer',
7 verbose install     'grunt-concurrent',
7 verbose install     'grunt-contrib-clean',
7 verbose install     'grunt-contrib-compass',
7 verbose install     'grunt-contrib-concat',
7 verbose install     'grunt-contrib-connect',
7 verbose install     'grunt-contrib-copy',
7 verbose install     'grunt-contrib-cssmin',
7 verbose install     'grunt-contrib-htmlmin',
7 verbose install     'grunt-contrib-imagemin',
7 verbose install     'grunt-contrib-jshint',
7 verbose install     'grunt-contrib-uglify',
7 verbose install     'grunt-contrib-watch',
7 verbose install     'grunt-dev-update',
7 verbose install     'grunt-filerev',
7 verbose install     'grunt-google-cdn',
7 verbose install     'grunt-newer',
7 verbose install     'grunt-ngmin',
7 verbose install     'grunt-svgmin',
7 verbose install     'grunt-usemin',
7 verbose install     'grunt-wiredep',
7 verbose install     'jshint-stylish',
7 verbose install     'load-grunt-tasks',
7 verbose install     'time-grunt' ] ]
8 verbose install where, peers [ '/home/esolar07/Documents/Angular-WP', [] ]
9 verbose installManyTop reading for lifecycle /home/esolar07/Documents/Angular-WP/package.json
10 info preinstall profile@0.0.0
11 verbose installManyTop reading scoped package data from /home/esolar07/Documents/Angular-WP/node_modules/grunt/package.json
12 verbose installManyTop reading scoped package data from /home/esolar07/Documents/Angular-WP/node_modules/grunt-autoprefixer/package.json
13 verbose installManyTop reading scoped package data from /home/esolar07/Documents/Angular-WP/node_modules/grunt-concurrent/package.json
14 verbose installManyTop reading scoped package data from /home/esolar07/Documents/Angular-WP/node_modules/grunt-contrib-clean/package.json
15 verbose installManyTop reading scoped package data from /home/esolar07/Documents/Angular-WP/node_modules/grunt-contrib-compass/package.json
16 verbose installManyTop reading scoped package data from /home/esolar07/Documents/Angular-WP/node_modules/grunt-contrib-concat/package.json
17 verbose installManyTop reading scoped package data from /home/esolar07/Documents/Angular-WP/node_modules/grunt-contrib-connect/package.json
18 verbose installManyTop reading scoped package data from /home/esolar07/Documents/Angular-WP/node_modules/grunt-contrib-copy/package.json
19 verbose installManyTop reading scoped package data from /home/esolar07/Documents/Angular-WP/node_modules/grunt-contrib-cssmin/package.json
20 verbose installManyTop reading scoped package data from /home/esolar07/Documents/Angular-WP/node_modules/grunt-contrib-htmlmin/package.json
21 verbose installManyTop reading scoped package data from /home/esolar07/Documents/Angular-WP/node_modules/grunt-contrib-imagemin/package.json
22 verbose installManyTop reading scoped package data from /home/esolar07/Documents/Angular-WP/node_modules/grunt-contrib-jshint/package.json
23 verbose installManyTop reading scoped package data from /home/esolar07/Documents/Angular-WP/node_modules/grunt-contrib-uglify/package.json
24 verbose installManyTop reading scoped package data from /home/esolar07/Documents/Angular-WP/node_modules/grunt-contrib-watch/package.json
25 verbose installManyTop reading scoped package data from /home/esolar07/Documents/Angular-WP/node_modules/grunt-dev-update/package.json
26 verbose installManyTop reading scoped package data from /home/esolar07/Documents/Angular-WP/node_modules/grunt-filerev/package.json
27 verbose installManyTop reading scoped package data from /home/esolar07/Documents/Angular-WP/node_modules/grunt-google-cdn/package.json
28 verbose installManyTop reading scoped package data from /home/esolar07/Documents/Angular-WP/node_modules/grunt-newer/package.json
29 verbose installManyTop reading scoped package data from /home/esolar07/Documents/Angular-WP/node_modules/grunt-ngmin/package.json
30 verbose installManyTop reading scoped package data from /home/esolar07/Documents/Angular-WP/node_modules/grunt-svgmin/package.json
31 verbose installManyTop reading scoped package data from /home/esolar07/Documents/Angular-WP/node_modules/grunt-usemin/package.json
32 verbose installManyTop reading scoped package data from /home/esolar07/Documents/Angular-WP/node_modules/grunt-wiredep/package.json
33 verbose installManyTop reading scoped package data from /home/esolar07/Documents/Angular-WP/node_modules/jshint-stylish/package.json
34 verbose installManyTop reading scoped package data from /home/esolar07/Documents/Angular-WP/node_modules/load-grunt-tasks/package.json
35 verbose installManyTop reading scoped package data from /home/esolar07/Documents/Angular-WP/node_modules/time-grunt/package.json
36 info package.json grunt-concurrent@0.5.0 No license field.
37 info package.json grunt-contrib-clean@0.5.0 No license field.
38 info package.json grunt-contrib-compass@0.7.2 No license field.
39 info package.json grunt-contrib-concat@0.4.0 No license field.
40 info package.json grunt-contrib-connect@0.7.1 No license field.
41 info package.json grunt-contrib-cssmin@0.9.0 No license field.
42 info package.json grunt-contrib-copy@0.5.0 No license field.
43 info package.json grunt-contrib-htmlmin@0.3.0 No license field.
44 info package.json grunt-contrib-imagemin@0.7.2 No license field.
45 info package.json grunt-contrib-jshint@0.10.0 No license field.
46 info package.json grunt-contrib-uglify@0.4.1 No license field.
47 info package.json grunt-contrib-watch@0.6.1 No license field.
48 info package.json grunt-filerev@0.2.1 No license field.
49 info package.json grunt-google-cdn@0.4.3 license should be a valid SPDX license expression
50 info package.json grunt-newer@0.7.0 No license field.
51 info package.json grunt-ngmin@0.0.3 license should be a valid SPDX license expression
52 info package.json grunt-svgmin@0.4.0 No license field.
53 info package.json grunt-wiredep@1.9.0 No license field.
54 verbose readDependencies loading dependencies from /home/esolar07/Documents/Angular-WP/package.json
55 verbose targetResolver reading package data from /home/esolar07/Documents/Angular-WP/node_modules/grunt/package.json
56 verbose targetResolver reading package data from /home/esolar07/Documents/Angular-WP/node_modules/grunt-autoprefixer/package.json
57 verbose targetResolver reading package data from /home/esolar07/Documents/Angular-WP/node_modules/grunt-concurrent/package.json
58 verbose targetResolver reading package data from /home/esolar07/Documents/Angular-WP/node_modules/grunt-contrib-clean/package.json
59 verbose targetResolver reading package data from /home/esolar07/Documents/Angular-WP/node_modules/grunt-contrib-compass/package.json
60 verbose targetResolver reading package data from /home/esolar07/Documents/Angular-WP/node_modules/grunt-contrib-concat/package.json
61 verbose targetResolver reading package data from /home/esolar07/Documents/Angular-WP/node_modules/grunt-contrib-connect/package.json
62 verbose targetResolver reading package data from /home/esolar07/Documents/Angular-WP/node_modules/grunt-contrib-copy/package.json
63 verbose targetResolver reading package data from /home/esolar07/Documents/Angular-WP/node_modules/grunt-contrib-cssmin/package.json
64 verbose targetResolver reading package data from /home/esolar07/Documents/Angular-WP/node_modules/grunt-contrib-htmlmin/package.json
65 verbose targetResolver reading package data from /home/esolar07/Documents/Angular-WP/node_modules/grunt-contrib-imagemin/package.json
66 verbose targetResolver reading package data from /home/esolar07/Documents/Angular-WP/node_modules/grunt-contrib-jshint/package.json
67 verbose targetResolver reading package data from /home/esolar07/Documents/Angular-WP/node_modules/grunt-contrib-uglify/package.json
68 verbose targetResolver reading package data from /home/esolar07/Documents/Angular-WP/node_modules/grunt-contrib-watch/package.json
69 verbose targetResolver reading package data from /home/esolar07/Documents/Angular-WP/node_modules/grunt-dev-update/package.json
70 verbose targetResolver reading package data from /home/esolar07/Documents/Angular-WP/node_modules/grunt-filerev/package.json
71 verbose targetResolver reading package data from /home/esolar07/Documents/Angular-WP/node_modules/grunt-google-cdn/package.json
72 verbose targetResolver reading package data from /home/esolar07/Documents/Angular-WP/node_modules/grunt-newer/package.json
73 verbose targetResolver reading package data from /home/esolar07/Documents/Angular-WP/node_modules/grunt-ngmin/package.json
74 verbose targetResolver reading package data from /home/esolar07/Documents/Angular-WP/node_modules/grunt-svgmin/package.json
75 verbose targetResolver reading package data from /home/esolar07/Documents/Angular-WP/node_modules/grunt-usemin/package.json
76 verbose targetResolver reading package data from /home/esolar07/Documents/Angular-WP/node_modules/grunt-wiredep/package.json
77 verbose targetResolver reading package data from /home/esolar07/Documents/Angular-WP/node_modules/jshint-stylish/package.json
78 verbose targetResolver reading package data from /home/esolar07/Documents/Angular-WP/node_modules/load-grunt-tasks/package.json
79 verbose targetResolver reading package data from /home/esolar07/Documents/Angular-WP/node_modules/time-grunt/package.json
80 verbose targetResolver reading package data from /home/esolar07/Documents/Angular-WP/node_modules/.bin/grunt/package.json
81 verbose already installed skipping grunt-contrib-clean@^0.5.0 /home/esolar07/Documents/Angular-WP
82 verbose already installed skipping grunt-contrib-compass@^0.7.2 /home/esolar07/Documents/Angular-WP
83 verbose already installed skipping grunt-contrib-concat@^0.4.0 /home/esolar07/Documents/Angular-WP
84 verbose already installed skipping grunt-contrib-connect@^0.7.1 /home/esolar07/Documents/Angular-WP
85 verbose already installed skipping grunt-contrib-copy@^0.5.0 /home/esolar07/Documents/Angular-WP
86 verbose already installed skipping grunt-contrib-cssmin@^0.9.0 /home/esolar07/Documents/Angular-WP
87 verbose already installed skipping grunt-contrib-htmlmin@^0.3.0 /home/esolar07/Documents/Angular-WP
88 verbose already installed skipping grunt-contrib-imagemin@^0.7.0 /home/esolar07/Documents/Angular-WP
89 verbose already installed skipping grunt-contrib-jshint@^0.10.0 /home/esolar07/Documents/Angular-WP
90 verbose already installed skipping grunt-contrib-uglify@^0.4.0 /home/esolar07/Documents/Angular-WP
91 verbose already installed skipping grunt-contrib-watch@^0.6.1 /home/esolar07/Documents/Angular-WP
92 verbose already installed skipping grunt-dev-update@^2.0.0 /home/esolar07/Documents/Angular-WP
93 verbose already installed skipping grunt-filerev@^0.2.1 /home/esolar07/Documents/Angular-WP
94 verbose already installed skipping grunt-google-cdn@^0.4.0 /home/esolar07/Documents/Angular-WP
95 verbose already installed skipping grunt-newer@^0.7.0 /home/esolar07/Documents/Angular-WP
96 verbose already installed skipping grunt-ngmin@^0.0.3 /home/esolar07/Documents/Angular-WP
97 verbose already installed skipping grunt-svgmin@^0.4.0 /home/esolar07/Documents/Angular-WP
98 verbose already installed skipping grunt-usemin@^2.1.1 /home/esolar07/Documents/Angular-WP
99 verbose already installed skipping grunt-wiredep@^1.7.0 /home/esolar07/Documents/Angular-WP
100 verbose already installed skipping jshint-stylish@^0.2.0 /home/esolar07/Documents/Angular-WP
101 verbose already installed skipping load-grunt-tasks@^3.5.0 /home/esolar07/Documents/Angular-WP
102 verbose already installed skipping time-grunt@^0.3.1 /home/esolar07/Documents/Angular-WP
103 verbose already installed skipping grunt@^1.0.1 /home/esolar07/Documents/Angular-WP
104 verbose already installed skipping grunt-autoprefixer@^0.7.3 /home/esolar07/Documents/Angular-WP
105 verbose already installed skipping grunt-concurrent@^0.5.0 /home/esolar07/Documents/Angular-WP
106 silly install resolved []
107 info build /home/esolar07/Documents/Angular-WP
108 info linkStuff profile@0.0.0
109 silly linkStuff profile@0.0.0 has /home/esolar07/Documents as its parent node_modules
110 verbose linkBins profile@0.0.0
111 verbose linkMans profile@0.0.0
112 verbose rebuildBundles profile@0.0.0
113 verbose rebuildBundles [ '.bin',
113 verbose rebuildBundles   'grunt',
113 verbose rebuildBundles   'grunt-autoprefixer',
113 verbose rebuildBundles   'grunt-concurrent',
113 verbose rebuildBundles   'grunt-contrib-clean',
113 verbose rebuildBundles   'grunt-contrib-compass',
113 verbose rebuildBundles   'grunt-contrib-concat',
113 verbose rebuildBundles   'grunt-contrib-connect',
113 verbose rebuildBundles   'grunt-contrib-copy',
113 verbose rebuildBundles   'grunt-contrib-cssmin',
113 verbose rebuildBundles   'grunt-contrib-htmlmin',
113 verbose rebuildBundles   'grunt-contrib-imagemin',
113 verbose rebuildBundles   'grunt-contrib-jshint',
113 verbose rebuildBundles   'grunt-contrib-uglify',
113 verbose rebuildBundles   'grunt-contrib-watch',
113 verbose rebuildBundles   'grunt-dev-update',
113 verbose rebuildBundles   'grunt-filerev',
113 verbose rebuildBundles   'grunt-google-cdn',
113 verbose rebuildBundles   'grunt-newer',
113 verbose rebuildBundles   'grunt-ngmin',
113 verbose rebuildBundles   'grunt-svgmin',
113 verbose rebuildBundles   'grunt-usemin',
113 verbose rebuildBundles   'grunt-wiredep',
113 verbose rebuildBundles   'jshint-stylish',
113 verbose rebuildBundles   'load-grunt-tasks',
113 verbose rebuildBundles   'time-grunt' ]
114 info install profile@0.0.0
115 info postinstall profile@0.0.0
116 info prepublish profile@0.0.0
117 verbose validateInstall loading /home/esolar07/Documents/Angular-WP/package.json for validation
118 verbose stack Error: The package grunt@1.0.1 does not satisfy its siblings' peerDependencies requirements!
118 verbose stack     at /usr/lib/node_modules/npm/lib/install.js:125:32
118 verbose stack     at /usr/lib/node_modules/npm/lib/install.js:268:7
118 verbose stack     at /usr/lib/node_modules/npm/node_modules/read-installed/read-installed.js:142:5
118 verbose stack     at /usr/lib/node_modules/npm/node_modules/read-installed/read-installed.js:263:14
118 verbose stack     at cb (/usr/lib/node_modules/npm/node_modules/slide/lib/async-map.js:47:24)
118 verbose stack     at /usr/lib/node_modules/npm/node_modules/read-installed/read-installed.js:263:14
118 verbose stack     at cb (/usr/lib/node_modules/npm/node_modules/slide/lib/async-map.js:47:24)
118 verbose stack     at /usr/lib/node_modules/npm/node_modules/read-installed/read-installed.js:263:14
118 verbose stack     at cb (/usr/lib/node_modules/npm/node_modules/slide/lib/async-map.js:47:24)
118 verbose stack     at /usr/lib/node_modules/npm/node_modules/read-installed/read-installed.js:263:14
119 verbose cwd /home/esolar07/Documents/Angular-WP
120 error Linux 4.4.0-31-generic
121 error argv "/usr/bin/nodejs" "/usr/bin/npm" "install"
122 error node v4.4.6
123 error npm  v2.15.5
124 error code EPEERINVALID
125 error peerinvalid The package grunt@1.0.1 does not satisfy its siblings' peerDependencies requirements!
125 error peerinvalid Peer grunt-contrib-copy@0.5.0 wants grunt@~0.4.0
125 error peerinvalid Peer grunt-contrib-compass@0.7.2 wants grunt@~0.4.0
125 error peerinvalid Peer grunt-contrib-clean@0.5.0 wants grunt@~0.4.0
125 error peerinvalid Peer grunt-newer@0.7.0 wants grunt@~0.4.1
125 error peerinvalid Peer grunt-concurrent@0.5.0 wants grunt@~0.4.0
125 error peerinvalid Peer grunt-contrib-concat@0.4.0 wants grunt@~0.4.0
125 error peerinvalid Peer grunt-filerev@0.2.1 wants grunt@>=0.4.0
125 error peerinvalid Peer grunt-usemin@2.6.2 wants grunt@>=0.4.0
125 error peerinvalid Peer grunt-contrib-connect@0.7.1 wants grunt@~0.4.0
125 error peerinvalid Peer load-grunt-tasks@3.5.2 wants grunt@>=0.4.0
125 error peerinvalid Peer grunt-contrib-watch@0.6.1 wants grunt@~0.4.0
125 error peerinvalid Peer grunt-svgmin@0.4.0 wants grunt@~0.4.0
125 error peerinvalid Peer grunt-contrib-cssmin@0.9.0 wants grunt@~0.4.1
125 error peerinvalid Peer grunt-contrib-htmlmin@0.3.0 wants grunt@~0.4.0
125 error peerinvalid Peer grunt-contrib-jshint@0.10.0 wants grunt@~0.4.0
125 error peerinvalid Peer grunt-wiredep@1.9.0 wants grunt@~0.4.0
125 error peerinvalid Peer grunt-dev-update@2.0.0 wants grunt@>=0.4.0
125 error peerinvalid Peer grunt-autoprefixer@0.7.6 wants grunt@~0.4.2
125 error peerinvalid Peer grunt-contrib-uglify@0.4.1 wants grunt@~0.4.0
125 error peerinvalid Peer grunt-contrib-imagemin@0.7.2 wants grunt@~0.4.0
126 verbose exit [ 1, true ]
